{"contracts\\Eclipseum.sol":{"l":{"36":314,"37":301,"42":3,"46":3,"47":3,"52":8,"54":7,"59":5,"61":5,"63":5,"78":13,"82":11,"84":9,"85":9,"86":9,"89":9,"90":9,"96":9,"101":7,"104":7,"105":7,"108":7,"110":7,"112":7,"113":7,"115":7,"119":7,"120":7,"121":7,"122":7,"123":7,"135":12,"139":10,"140":8,"145":6,"146":6,"147":6,"148":6,"152":6,"157":4,"158":4,"161":4,"163":4,"165":4,"166":4,"167":4,"169":4,"173":4,"174":4,"175":4,"176":4,"177":4,"191":14,"195":12,"196":10,"201":8,"202":8,"203":8,"204":8,"205":8,"209":8,"210":8,"213":8,"216":8,"220":8,"226":6,"231":4,"234":4,"237":4,"240":4,"243":4,"244":4,"246":4,"254":4,"255":4,"256":4,"259":4,"265":4,"269":4,"270":4,"271":4,"272":4,"273":4,"274":4,"286":11,"290":9,"292":7,"293":7,"294":7,"297":7,"299":7,"304":5,"305":5,"308":5,"309":5,"311":5,"313":5,"315":5,"319":5,"320":5,"321":5,"322":5,"323":5,"335":14,"339":12,"340":10,"344":8,"350":6,"351":6,"352":6,"357":6,"358":6,"362":6,"367":4,"368":4,"371":4,"372":4,"374":4,"376":4,"383":4,"385":4,"389":4,"390":4,"391":4,"392":4,"393":4,"408":29,"409":29,"410":29,"412":29,"414":29,"427":20,"429":20,"430":4,"432":3,"434":13,"440":20,"442":20,"453":60,"454":60,"464":81,"474":77,"484":66,"489":13},"path":"C:\\Users\\tbweb\\eclipseum-core\\contracts\\Eclipseum.sol","s":{"1":314,"2":3,"3":3,"4":3,"5":8,"6":7,"7":5,"8":5,"9":5,"10":13,"11":11,"12":9,"13":9,"14":9,"15":9,"16":9,"17":9,"18":7,"19":7,"20":7,"21":7,"22":7,"23":7,"24":7,"25":7,"26":7,"27":7,"28":7,"29":7,"30":7,"31":12,"32":10,"33":8,"34":6,"35":6,"36":6,"37":6,"38":6,"39":4,"40":4,"41":4,"42":4,"43":4,"44":4,"45":4,"46":4,"47":4,"48":4,"49":4,"50":4,"51":4,"52":14,"53":12,"54":10,"55":8,"56":8,"57":8,"58":8,"59":8,"60":8,"61":8,"62":8,"63":8,"64":8,"65":6,"66":4,"67":4,"68":4,"69":4,"70":4,"71":4,"72":4,"73":4,"74":4,"75":4,"76":4,"77":4,"78":4,"79":4,"80":4,"81":4,"82":4,"83":4,"84":11,"85":9,"86":7,"87":7,"88":7,"89":7,"90":7,"91":5,"92":5,"93":5,"94":5,"95":5,"96":5,"97":5,"98":5,"99":5,"100":5,"101":5,"102":5,"103":14,"104":12,"105":10,"106":8,"107":6,"108":6,"109":6,"110":6,"111":6,"112":6,"113":4,"114":4,"115":4,"116":4,"117":4,"118":4,"119":4,"120":4,"121":4,"122":4,"123":4,"124":4,"125":4,"126":29,"127":29,"128":29,"129":29,"130":29,"131":20,"132":20,"133":4,"134":16,"135":3,"136":13,"137":20,"138":20,"139":60,"140":60,"141":81,"142":77,"143":66,"144":13},"b":{"1":[301,13],"2":[3,0],"3":[7,1],"4":[5,2],"5":[5,0],"6":[11,2],"7":[9,2],"8":[7,2],"9":[7,0],"10":[7,0],"11":[7,0],"12":[7,0],"13":[7,0],"14":[7,0],"15":[10,2],"16":[8,2],"17":[6,2],"18":[4,2],"19":[4,0],"20":[4,0],"21":[4,0],"22":[4,0],"23":[4,0],"24":[4,0],"25":[12,2],"26":[10,2],"27":[8,2],"28":[6,2],"29":[4,2],"30":[4,0],"31":[4,0],"32":[4,0],"33":[4,0],"34":[4,0],"35":[4,0],"36":[4,0],"37":[4,0],"38":[9,2],"39":[7,2],"40":[5,2],"41":[5,0],"42":[5,0],"43":[5,0],"44":[5,0],"45":[5,0],"46":[5,0],"47":[5,0],"48":[12,2],"49":[10,2],"50":[8,2],"51":[6,2],"52":[4,2],"53":[4,0],"54":[4,0],"55":[4,0],"56":[4,0],"57":[4,0],"58":[4,0],"59":[4,0],"60":[29,0],"61":[4,16],"62":[3,13],"63":[20,0]},"f":{"1":314,"2":3,"3":8,"4":13,"5":12,"6":14,"7":11,"8":14,"9":29,"10":20,"11":60,"12":81,"13":77,"14":66,"15":13},"fnMap":{"1":{"name":"requireLaunched","line":35,"loc":{"start":{"line":35,"column":4},"end":{"line":38,"column":4}}},"2":{"name":"constructor","line":41,"loc":{"start":{"line":41,"column":4},"end":{"line":48,"column":4}}},"3":{"name":"launch","line":51,"loc":{"start":{"line":51,"column":4},"end":{"line":67,"column":4}}},"4":{"name":"buyEcl","line":76,"loc":{"start":{"line":72,"column":4},"end":{"line":124,"column":4}}},"5":{"name":"sellEcl","line":134,"loc":{"start":{"line":130,"column":4},"end":{"line":178,"column":4}}},"6":{"name":"softSellEcl","line":190,"loc":{"start":{"line":185,"column":4},"end":{"line":275,"column":4}}},"7":{"name":"buyDai","line":284,"loc":{"start":{"line":280,"column":4},"end":{"line":324,"column":4}}},"8":{"name":"sellDai","line":334,"loc":{"start":{"line":330,"column":4},"end":{"line":394,"column":4}}},"9":{"name":"calcBOut","line":403,"loc":{"start":{"line":403,"column":4},"end":{"line":415,"column":4}}},"10":{"name":"calcEthTransferForBuyEcl","line":422,"loc":{"start":{"line":422,"column":4},"end":{"line":443,"column":4}}},"11":{"name":"applyTransactionFee","line":448,"loc":{"start":{"line":448,"column":4},"end":{"line":455,"column":4}}},"12":{"name":"eclBalanceOfEclPool","line":461,"loc":{"start":{"line":458,"column":4},"end":{"line":465,"column":4}}},"13":{"name":"ethBalanceOfDaiPool","line":471,"loc":{"start":{"line":468,"column":4},"end":{"line":475,"column":4}}},"14":{"name":"daiBalanceOfDaiPool","line":481,"loc":{"start":{"line":478,"column":4},"end":{"line":485,"column":4}}},"15":{"name":"circulatingSupply","line":488,"loc":{"start":{"line":488,"column":4},"end":{"line":490,"column":4}}}},"statementMap":{"1":{"start":{"line":36,"column":8},"end":{"line":36,"column":78}},"2":{"start":{"line":42,"column":8},"end":{"line":42,"column":1456}},"3":{"start":{"line":46,"column":8},"end":{"line":46,"column":63}},"4":{"start":{"line":47,"column":8},"end":{"line":47,"column":41}},"5":{"start":{"line":52,"column":8},"end":{"line":52,"column":64}},"6":{"start":{"line":54,"column":8},"end":{"line":54,"column":1880}},"7":{"start":{"line":59,"column":8},"end":{"line":59,"column":38}},"8":{"start":{"line":61,"column":8},"end":{"line":61,"column":22}},"9":{"start":{"line":63,"column":8},"end":{"line":63,"column":2118}},"10":{"start":{"line":78,"column":8},"end":{"line":78,"column":2673}},"11":{"start":{"line":82,"column":8},"end":{"line":82,"column":77}},"12":{"start":{"line":84,"column":8},"end":{"line":84,"column":75}},"13":{"start":{"line":85,"column":8},"end":{"line":85,"column":60}},"14":{"start":{"line":86,"column":8},"end":{"line":86,"column":3020}},"15":{"start":{"line":89,"column":8},"end":{"line":89,"column":63}},"16":{"start":{"line":90,"column":8},"end":{"line":90,"column":3228}},"17":{"start":{"line":96,"column":8},"end":{"line":96,"column":3400}},"18":{"start":{"line":101,"column":8},"end":{"line":101,"column":3550}},"19":{"start":{"line":104,"column":8},"end":{"line":104,"column":77}},"20":{"start":{"line":105,"column":8},"end":{"line":105,"column":3749}},"21":{"start":{"line":108,"column":8},"end":{"line":108,"column":38}},"22":{"start":{"line":110,"column":8},"end":{"line":110,"column":49}},"23":{"start":{"line":112,"column":8},"end":{"line":112,"column":58}},"24":{"start":{"line":113,"column":8},"end":{"line":113,"column":39}},"25":{"start":{"line":115,"column":8},"end":{"line":115,"column":4067}},"26":{"start":{"line":119,"column":8},"end":{"line":119,"column":60}},"27":{"start":{"line":120,"column":8},"end":{"line":120,"column":38}},"28":{"start":{"line":121,"column":8},"end":{"line":121,"column":40}},"29":{"start":{"line":122,"column":8},"end":{"line":122,"column":40}},"30":{"start":{"line":123,"column":8},"end":{"line":123,"column":40}},"31":{"start":{"line":135,"column":8},"end":{"line":135,"column":4925}},"32":{"start":{"line":139,"column":8},"end":{"line":139,"column":76}},"33":{"start":{"line":140,"column":8},"end":{"line":140,"column":5127}},"34":{"start":{"line":145,"column":8},"end":{"line":145,"column":60}},"35":{"start":{"line":146,"column":8},"end":{"line":146,"column":60}},"36":{"start":{"line":147,"column":8},"end":{"line":147,"column":51}},"37":{"start":{"line":148,"column":8},"end":{"line":148,"column":5464}},"38":{"start":{"line":152,"column":8},"end":{"line":152,"column":5606}},"39":{"start":{"line":157,"column":8},"end":{"line":157,"column":67}},"40":{"start":{"line":158,"column":8},"end":{"line":158,"column":5827}},"41":{"start":{"line":161,"column":8},"end":{"line":161,"column":42}},"42":{"start":{"line":163,"column":8},"end":{"line":163,"column":50}},"43":{"start":{"line":165,"column":8},"end":{"line":165,"column":62}},"44":{"start":{"line":166,"column":8},"end":{"line":166,"column":39}},"45":{"start":{"line":167,"column":8},"end":{"line":167,"column":42}},"46":{"start":{"line":169,"column":8},"end":{"line":169,"column":6195}},"47":{"start":{"line":173,"column":8},"end":{"line":173,"column":60}},"48":{"start":{"line":174,"column":8},"end":{"line":174,"column":38}},"49":{"start":{"line":175,"column":8},"end":{"line":175,"column":40}},"50":{"start":{"line":176,"column":8},"end":{"line":176,"column":40}},"51":{"start":{"line":177,"column":8},"end":{"line":177,"column":40}},"52":{"start":{"line":191,"column":8},"end":{"line":191,"column":7191}},"53":{"start":{"line":195,"column":8},"end":{"line":195,"column":76}},"54":{"start":{"line":196,"column":8},"end":{"line":196,"column":7393}},"55":{"start":{"line":201,"column":8},"end":{"line":201,"column":60}},"56":{"start":{"line":202,"column":8},"end":{"line":202,"column":56}},"57":{"start":{"line":203,"column":8},"end":{"line":203,"column":60}},"58":{"start":{"line":204,"column":8},"end":{"line":204,"column":60}},"59":{"start":{"line":205,"column":8},"end":{"line":205,"column":7815}},"60":{"start":{"line":209,"column":8},"end":{"line":209,"column":60}},"61":{"start":{"line":210,"column":8},"end":{"line":210,"column":8023}},"62":{"start":{"line":213,"column":8},"end":{"line":213,"column":8171}},"63":{"start":{"line":216,"column":8},"end":{"line":216,"column":8320}},"64":{"start":{"line":220,"column":8},"end":{"line":220,"column":8471}},"65":{"start":{"line":226,"column":8},"end":{"line":226,"column":8708}},"66":{"start":{"line":231,"column":8},"end":{"line":231,"column":8877}},"67":{"start":{"line":234,"column":8},"end":{"line":234,"column":8991}},"68":{"start":{"line":237,"column":8},"end":{"line":237,"column":9107}},"69":{"start":{"line":240,"column":8},"end":{"line":240,"column":9223}},"70":{"start":{"line":243,"column":8},"end":{"line":243,"column":61}},"71":{"start":{"line":244,"column":8},"end":{"line":244,"column":61}},"72":{"start":{"line":246,"column":8},"end":{"line":246,"column":9464}},"73":{"start":{"line":254,"column":8},"end":{"line":254,"column":62}},"74":{"start":{"line":255,"column":8},"end":{"line":255,"column":39}},"75":{"start":{"line":256,"column":8},"end":{"line":256,"column":9804}},"76":{"start":{"line":259,"column":8},"end":{"line":259,"column":9914}},"77":{"start":{"line":265,"column":8},"end":{"line":265,"column":10075}},"78":{"start":{"line":269,"column":8},"end":{"line":269,"column":60}},"79":{"start":{"line":270,"column":8},"end":{"line":270,"column":60}},"80":{"start":{"line":271,"column":8},"end":{"line":271,"column":38}},"81":{"start":{"line":272,"column":8},"end":{"line":272,"column":40}},"82":{"start":{"line":273,"column":8},"end":{"line":273,"column":40}},"83":{"start":{"line":274,"column":8},"end":{"line":274,"column":40}},"84":{"start":{"line":286,"column":8},"end":{"line":286,"column":10931}},"85":{"start":{"line":290,"column":8},"end":{"line":290,"column":77}},"86":{"start":{"line":292,"column":8},"end":{"line":292,"column":75}},"87":{"start":{"line":293,"column":8},"end":{"line":293,"column":60}},"88":{"start":{"line":294,"column":8},"end":{"line":294,"column":11278}},"89":{"start":{"line":297,"column":8},"end":{"line":297,"column":68}},"90":{"start":{"line":299,"column":8},"end":{"line":299,"column":11493}},"91":{"start":{"line":304,"column":8},"end":{"line":304,"column":75}},"92":{"start":{"line":305,"column":8},"end":{"line":305,"column":11722}},"93":{"start":{"line":308,"column":8},"end":{"line":308,"column":69}},"94":{"start":{"line":309,"column":8},"end":{"line":309,"column":38}},"95":{"start":{"line":311,"column":8},"end":{"line":311,"column":49}},"96":{"start":{"line":313,"column":8},"end":{"line":313,"column":72}},"97":{"start":{"line":315,"column":8},"end":{"line":315,"column":12091}},"98":{"start":{"line":319,"column":8},"end":{"line":319,"column":60}},"99":{"start":{"line":320,"column":8},"end":{"line":320,"column":38}},"100":{"start":{"line":321,"column":8},"end":{"line":321,"column":40}},"101":{"start":{"line":322,"column":8},"end":{"line":322,"column":40}},"102":{"start":{"line":323,"column":8},"end":{"line":323,"column":40}},"103":{"start":{"line":335,"column":8},"end":{"line":335,"column":12949}},"104":{"start":{"line":339,"column":8},"end":{"line":339,"column":76}},"105":{"start":{"line":340,"column":8},"end":{"line":340,"column":13151}},"106":{"start":{"line":344,"column":8},"end":{"line":344,"column":13318}},"107":{"start":{"line":350,"column":8},"end":{"line":350,"column":60}},"108":{"start":{"line":351,"column":8},"end":{"line":351,"column":60}},"109":{"start":{"line":352,"column":8},"end":{"line":352,"column":13622}},"110":{"start":{"line":357,"column":8},"end":{"line":357,"column":75}},"111":{"start":{"line":358,"column":8},"end":{"line":358,"column":13866}},"112":{"start":{"line":362,"column":8},"end":{"line":362,"column":13976}},"113":{"start":{"line":367,"column":8},"end":{"line":367,"column":75}},"114":{"start":{"line":368,"column":8},"end":{"line":368,"column":14205}},"115":{"start":{"line":371,"column":8},"end":{"line":371,"column":64}},"116":{"start":{"line":372,"column":8},"end":{"line":372,"column":42}},"117":{"start":{"line":374,"column":8},"end":{"line":374,"column":50}},"118":{"start":{"line":376,"column":8},"end":{"line":376,"column":14500}},"119":{"start":{"line":383,"column":8},"end":{"line":383,"column":42}},"120":{"start":{"line":385,"column":8},"end":{"line":385,"column":14728}},"121":{"start":{"line":389,"column":8},"end":{"line":389,"column":60}},"122":{"start":{"line":390,"column":8},"end":{"line":390,"column":38}},"123":{"start":{"line":391,"column":8},"end":{"line":391,"column":40}},"124":{"start":{"line":392,"column":8},"end":{"line":392,"column":40}},"125":{"start":{"line":393,"column":8},"end":{"line":393,"column":40}},"126":{"start":{"line":408,"column":8},"end":{"line":408,"column":52}},"127":{"start":{"line":409,"column":8},"end":{"line":409,"column":70}},"128":{"start":{"line":410,"column":8},"end":{"line":410,"column":61}},"129":{"start":{"line":412,"column":8},"end":{"line":412,"column":38}},"130":{"start":{"line":414,"column":8},"end":{"line":414,"column":26}},"131":{"start":{"line":427,"column":8},"end":{"line":427,"column":37}},"132":{"start":{"line":429,"column":8},"end":{"line":429,"column":16853}},"133":{"start":{"line":430,"column":12},"end":{"line":430,"column":57}},"134":{"start":{"line":431,"column":15},"end":{"line":431,"column":17003}},"135":{"start":{"line":432,"column":12},"end":{"line":432,"column":36}},"136":{"start":{"line":434,"column":12},"end":{"line":434,"column":17154}},"137":{"start":{"line":440,"column":8},"end":{"line":440,"column":62}},"138":{"start":{"line":442,"column":8},"end":{"line":442,"column":36}},"139":{"start":{"line":453,"column":8},"end":{"line":453,"column":69}},"140":{"start":{"line":454,"column":8},"end":{"line":454,"column":30}},"141":{"start":{"line":464,"column":8},"end":{"line":464,"column":39}},"142":{"start":{"line":474,"column":8},"end":{"line":474,"column":61}},"143":{"start":{"line":484,"column":8},"end":{"line":484,"column":52}},"144":{"start":{"line":489,"column":8},"end":{"line":489,"column":55}}},"branchMap":{"1":{"line":36,"type":"if","locations":[{"start":{"line":36,"column":8},"end":{"line":36,"column":8}},{"start":{"line":36,"column":8},"end":{"line":36,"column":8}}]},"2":{"line":42,"type":"if","locations":[{"start":{"line":42,"column":8},"end":{"line":42,"column":8}},{"start":{"line":42,"column":8},"end":{"line":42,"column":8}}]},"3":{"line":52,"type":"if","locations":[{"start":{"line":52,"column":8},"end":{"line":52,"column":8}},{"start":{"line":52,"column":8},"end":{"line":52,"column":8}}]},"4":{"line":54,"type":"if","locations":[{"start":{"line":54,"column":8},"end":{"line":54,"column":8}},{"start":{"line":54,"column":8},"end":{"line":54,"column":8}}]},"5":{"line":63,"type":"if","locations":[{"start":{"line":63,"column":8},"end":{"line":63,"column":8}},{"start":{"line":63,"column":8},"end":{"line":63,"column":8}}]},"6":{"line":78,"type":"if","locations":[{"start":{"line":78,"column":8},"end":{"line":78,"column":8}},{"start":{"line":78,"column":8},"end":{"line":78,"column":8}}]},"7":{"line":82,"type":"if","locations":[{"start":{"line":82,"column":8},"end":{"line":82,"column":8}},{"start":{"line":82,"column":8},"end":{"line":82,"column":8}}]},"8":{"line":96,"type":"if","locations":[{"start":{"line":96,"column":8},"end":{"line":96,"column":8}},{"start":{"line":96,"column":8},"end":{"line":96,"column":8}}]},"9":{"line":115,"type":"if","locations":[{"start":{"line":115,"column":8},"end":{"line":115,"column":8}},{"start":{"line":115,"column":8},"end":{"line":115,"column":8}}]},"10":{"line":119,"type":"if","locations":[{"start":{"line":119,"column":8},"end":{"line":119,"column":8}},{"start":{"line":119,"column":8},"end":{"line":119,"column":8}}]},"11":{"line":120,"type":"if","locations":[{"start":{"line":120,"column":8},"end":{"line":120,"column":8}},{"start":{"line":120,"column":8},"end":{"line":120,"column":8}}]},"12":{"line":121,"type":"if","locations":[{"start":{"line":121,"column":8},"end":{"line":121,"column":8}},{"start":{"line":121,"column":8},"end":{"line":121,"column":8}}]},"13":{"line":122,"type":"if","locations":[{"start":{"line":122,"column":8},"end":{"line":122,"column":8}},{"start":{"line":122,"column":8},"end":{"line":122,"column":8}}]},"14":{"line":123,"type":"if","locations":[{"start":{"line":123,"column":8},"end":{"line":123,"column":8}},{"start":{"line":123,"column":8},"end":{"line":123,"column":8}}]},"15":{"line":135,"type":"if","locations":[{"start":{"line":135,"column":8},"end":{"line":135,"column":8}},{"start":{"line":135,"column":8},"end":{"line":135,"column":8}}]},"16":{"line":139,"type":"if","locations":[{"start":{"line":139,"column":8},"end":{"line":139,"column":8}},{"start":{"line":139,"column":8},"end":{"line":139,"column":8}}]},"17":{"line":140,"type":"if","locations":[{"start":{"line":140,"column":8},"end":{"line":140,"column":8}},{"start":{"line":140,"column":8},"end":{"line":140,"column":8}}]},"18":{"line":152,"type":"if","locations":[{"start":{"line":152,"column":8},"end":{"line":152,"column":8}},{"start":{"line":152,"column":8},"end":{"line":152,"column":8}}]},"19":{"line":169,"type":"if","locations":[{"start":{"line":169,"column":8},"end":{"line":169,"column":8}},{"start":{"line":169,"column":8},"end":{"line":169,"column":8}}]},"20":{"line":173,"type":"if","locations":[{"start":{"line":173,"column":8},"end":{"line":173,"column":8}},{"start":{"line":173,"column":8},"end":{"line":173,"column":8}}]},"21":{"line":174,"type":"if","locations":[{"start":{"line":174,"column":8},"end":{"line":174,"column":8}},{"start":{"line":174,"column":8},"end":{"line":174,"column":8}}]},"22":{"line":175,"type":"if","locations":[{"start":{"line":175,"column":8},"end":{"line":175,"column":8}},{"start":{"line":175,"column":8},"end":{"line":175,"column":8}}]},"23":{"line":176,"type":"if","locations":[{"start":{"line":176,"column":8},"end":{"line":176,"column":8}},{"start":{"line":176,"column":8},"end":{"line":176,"column":8}}]},"24":{"line":177,"type":"if","locations":[{"start":{"line":177,"column":8},"end":{"line":177,"column":8}},{"start":{"line":177,"column":8},"end":{"line":177,"column":8}}]},"25":{"line":191,"type":"if","locations":[{"start":{"line":191,"column":8},"end":{"line":191,"column":8}},{"start":{"line":191,"column":8},"end":{"line":191,"column":8}}]},"26":{"line":195,"type":"if","locations":[{"start":{"line":195,"column":8},"end":{"line":195,"column":8}},{"start":{"line":195,"column":8},"end":{"line":195,"column":8}}]},"27":{"line":196,"type":"if","locations":[{"start":{"line":196,"column":8},"end":{"line":196,"column":8}},{"start":{"line":196,"column":8},"end":{"line":196,"column":8}}]},"28":{"line":220,"type":"if","locations":[{"start":{"line":220,"column":8},"end":{"line":220,"column":8}},{"start":{"line":220,"column":8},"end":{"line":220,"column":8}}]},"29":{"line":226,"type":"if","locations":[{"start":{"line":226,"column":8},"end":{"line":226,"column":8}},{"start":{"line":226,"column":8},"end":{"line":226,"column":8}}]},"30":{"line":256,"type":"if","locations":[{"start":{"line":256,"column":8},"end":{"line":256,"column":8}},{"start":{"line":256,"column":8},"end":{"line":256,"column":8}}]},"31":{"line":265,"type":"if","locations":[{"start":{"line":265,"column":8},"end":{"line":265,"column":8}},{"start":{"line":265,"column":8},"end":{"line":265,"column":8}}]},"32":{"line":269,"type":"if","locations":[{"start":{"line":269,"column":8},"end":{"line":269,"column":8}},{"start":{"line":269,"column":8},"end":{"line":269,"column":8}}]},"33":{"line":270,"type":"if","locations":[{"start":{"line":270,"column":8},"end":{"line":270,"column":8}},{"start":{"line":270,"column":8},"end":{"line":270,"column":8}}]},"34":{"line":271,"type":"if","locations":[{"start":{"line":271,"column":8},"end":{"line":271,"column":8}},{"start":{"line":271,"column":8},"end":{"line":271,"column":8}}]},"35":{"line":272,"type":"if","locations":[{"start":{"line":272,"column":8},"end":{"line":272,"column":8}},{"start":{"line":272,"column":8},"end":{"line":272,"column":8}}]},"36":{"line":273,"type":"if","locations":[{"start":{"line":273,"column":8},"end":{"line":273,"column":8}},{"start":{"line":273,"column":8},"end":{"line":273,"column":8}}]},"37":{"line":274,"type":"if","locations":[{"start":{"line":274,"column":8},"end":{"line":274,"column":8}},{"start":{"line":274,"column":8},"end":{"line":274,"column":8}}]},"38":{"line":286,"type":"if","locations":[{"start":{"line":286,"column":8},"end":{"line":286,"column":8}},{"start":{"line":286,"column":8},"end":{"line":286,"column":8}}]},"39":{"line":290,"type":"if","locations":[{"start":{"line":290,"column":8},"end":{"line":290,"column":8}},{"start":{"line":290,"column":8},"end":{"line":290,"column":8}}]},"40":{"line":299,"type":"if","locations":[{"start":{"line":299,"column":8},"end":{"line":299,"column":8}},{"start":{"line":299,"column":8},"end":{"line":299,"column":8}}]},"41":{"line":313,"type":"if","locations":[{"start":{"line":313,"column":8},"end":{"line":313,"column":8}},{"start":{"line":313,"column":8},"end":{"line":313,"column":8}}]},"42":{"line":315,"type":"if","locations":[{"start":{"line":315,"column":8},"end":{"line":315,"column":8}},{"start":{"line":315,"column":8},"end":{"line":315,"column":8}}]},"43":{"line":319,"type":"if","locations":[{"start":{"line":319,"column":8},"end":{"line":319,"column":8}},{"start":{"line":319,"column":8},"end":{"line":319,"column":8}}]},"44":{"line":320,"type":"if","locations":[{"start":{"line":320,"column":8},"end":{"line":320,"column":8}},{"start":{"line":320,"column":8},"end":{"line":320,"column":8}}]},"45":{"line":321,"type":"if","locations":[{"start":{"line":321,"column":8},"end":{"line":321,"column":8}},{"start":{"line":321,"column":8},"end":{"line":321,"column":8}}]},"46":{"line":322,"type":"if","locations":[{"start":{"line":322,"column":8},"end":{"line":322,"column":8}},{"start":{"line":322,"column":8},"end":{"line":322,"column":8}}]},"47":{"line":323,"type":"if","locations":[{"start":{"line":323,"column":8},"end":{"line":323,"column":8}},{"start":{"line":323,"column":8},"end":{"line":323,"column":8}}]},"48":{"line":335,"type":"if","locations":[{"start":{"line":335,"column":8},"end":{"line":335,"column":8}},{"start":{"line":335,"column":8},"end":{"line":335,"column":8}}]},"49":{"line":339,"type":"if","locations":[{"start":{"line":339,"column":8},"end":{"line":339,"column":8}},{"start":{"line":339,"column":8},"end":{"line":339,"column":8}}]},"50":{"line":340,"type":"if","locations":[{"start":{"line":340,"column":8},"end":{"line":340,"column":8}},{"start":{"line":340,"column":8},"end":{"line":340,"column":8}}]},"51":{"line":344,"type":"if","locations":[{"start":{"line":344,"column":8},"end":{"line":344,"column":8}},{"start":{"line":344,"column":8},"end":{"line":344,"column":8}}]},"52":{"line":362,"type":"if","locations":[{"start":{"line":362,"column":8},"end":{"line":362,"column":8}},{"start":{"line":362,"column":8},"end":{"line":362,"column":8}}]},"53":{"line":376,"type":"if","locations":[{"start":{"line":376,"column":8},"end":{"line":376,"column":8}},{"start":{"line":376,"column":8},"end":{"line":376,"column":8}}]},"54":{"line":385,"type":"if","locations":[{"start":{"line":385,"column":8},"end":{"line":385,"column":8}},{"start":{"line":385,"column":8},"end":{"line":385,"column":8}}]},"55":{"line":389,"type":"if","locations":[{"start":{"line":389,"column":8},"end":{"line":389,"column":8}},{"start":{"line":389,"column":8},"end":{"line":389,"column":8}}]},"56":{"line":390,"type":"if","locations":[{"start":{"line":390,"column":8},"end":{"line":390,"column":8}},{"start":{"line":390,"column":8},"end":{"line":390,"column":8}}]},"57":{"line":391,"type":"if","locations":[{"start":{"line":391,"column":8},"end":{"line":391,"column":8}},{"start":{"line":391,"column":8},"end":{"line":391,"column":8}}]},"58":{"line":392,"type":"if","locations":[{"start":{"line":392,"column":8},"end":{"line":392,"column":8}},{"start":{"line":392,"column":8},"end":{"line":392,"column":8}}]},"59":{"line":393,"type":"if","locations":[{"start":{"line":393,"column":8},"end":{"line":393,"column":8}},{"start":{"line":393,"column":8},"end":{"line":393,"column":8}}]},"60":{"line":412,"type":"if","locations":[{"start":{"line":412,"column":8},"end":{"line":412,"column":8}},{"start":{"line":412,"column":8},"end":{"line":412,"column":8}}]},"61":{"line":429,"type":"if","locations":[{"start":{"line":429,"column":8},"end":{"line":429,"column":8}},{"start":{"line":429,"column":8},"end":{"line":429,"column":8}}]},"62":{"line":431,"type":"if","locations":[{"start":{"line":431,"column":15},"end":{"line":431,"column":15}},{"start":{"line":431,"column":15},"end":{"line":431,"column":15}}]},"63":{"line":440,"type":"if","locations":[{"start":{"line":440,"column":8},"end":{"line":440,"column":8}},{"start":{"line":440,"column":8},"end":{"line":440,"column":8}}]}}}}