{"contracts\\Eclipseum.sol":{"l":{"36":272,"37":259,"42":3,"46":3,"47":3,"52":6,"54":6,"58":4,"63":4,"65":4,"67":4,"81":12,"85":10,"87":8,"88":8,"89":8,"92":8,"93":8,"99":8,"104":6,"107":6,"108":6,"111":6,"113":6,"115":6,"116":6,"118":6,"122":6,"123":6,"124":6,"125":6,"126":6,"138":11,"142":9,"143":7,"148":5,"149":5,"150":5,"151":5,"155":5,"160":3,"161":3,"164":3,"166":3,"168":3,"169":3,"170":3,"172":3,"176":3,"177":3,"178":3,"179":3,"180":3,"194":13,"198":11,"199":9,"204":7,"205":7,"206":7,"207":7,"208":7,"212":7,"213":7,"216":7,"219":7,"223":7,"229":5,"234":3,"237":3,"240":3,"243":3,"246":3,"247":3,"249":3,"257":3,"258":3,"259":3,"262":3,"268":3,"272":3,"273":3,"274":3,"275":3,"276":3,"277":3,"289":10,"293":8,"295":6,"296":6,"297":6,"300":6,"302":6,"307":4,"308":4,"311":4,"312":4,"314":4,"316":4,"318":4,"322":4,"323":4,"324":4,"325":4,"326":4,"338":11,"342":9,"343":7,"347":5,"353":5,"354":5,"355":5,"360":5,"361":5,"365":5,"370":3,"371":3,"374":3,"375":3,"377":3,"379":3,"386":3,"388":3,"392":3,"393":3,"394":3,"395":3,"396":3,"411":25,"412":25,"413":25,"415":25,"417":25,"430":19,"432":19,"433":4,"435":3,"437":12,"443":19,"445":19,"456":52,"457":52,"467":69,"477":66,"487":55,"492":12},"path":"C:\\Users\\tbweb\\eclipseum-core\\contracts\\Eclipseum.sol","s":{"1":272,"2":3,"3":3,"4":3,"5":6,"6":6,"7":4,"8":4,"9":4,"10":4,"11":12,"12":10,"13":8,"14":8,"15":8,"16":8,"17":8,"18":8,"19":6,"20":6,"21":6,"22":6,"23":6,"24":6,"25":6,"26":6,"27":6,"28":6,"29":6,"30":6,"31":6,"32":11,"33":9,"34":7,"35":5,"36":5,"37":5,"38":5,"39":5,"40":3,"41":3,"42":3,"43":3,"44":3,"45":3,"46":3,"47":3,"48":3,"49":3,"50":3,"51":3,"52":3,"53":13,"54":11,"55":9,"56":7,"57":7,"58":7,"59":7,"60":7,"61":7,"62":7,"63":7,"64":7,"65":7,"66":5,"67":3,"68":3,"69":3,"70":3,"71":3,"72":3,"73":3,"74":3,"75":3,"76":3,"77":3,"78":3,"79":3,"80":3,"81":3,"82":3,"83":3,"84":3,"85":10,"86":8,"87":6,"88":6,"89":6,"90":6,"91":6,"92":4,"93":4,"94":4,"95":4,"96":4,"97":4,"98":4,"99":4,"100":4,"101":4,"102":4,"103":4,"104":11,"105":9,"106":7,"107":5,"108":5,"109":5,"110":5,"111":5,"112":5,"113":5,"114":3,"115":3,"116":3,"117":3,"118":3,"119":3,"120":3,"121":3,"122":3,"123":3,"124":3,"125":3,"126":3,"127":25,"128":25,"129":25,"130":25,"131":25,"132":19,"133":19,"134":4,"135":15,"136":3,"137":12,"138":19,"139":19,"140":52,"141":52,"142":69,"143":66,"144":55,"145":12},"b":{"1":[259,13],"2":[3,0],"3":[6,0],"4":[4,2],"5":[4,0],"6":[4,0],"7":[10,2],"8":[8,2],"9":[6,2],"10":[6,0],"11":[6,0],"12":[6,0],"13":[6,0],"14":[6,0],"15":[6,0],"16":[9,2],"17":[7,2],"18":[5,2],"19":[3,2],"20":[3,0],"21":[3,0],"22":[3,0],"23":[3,0],"24":[3,0],"25":[3,0],"26":[11,2],"27":[9,2],"28":[7,2],"29":[5,2],"30":[3,2],"31":[3,0],"32":[3,0],"33":[3,0],"34":[3,0],"35":[3,0],"36":[3,0],"37":[3,0],"38":[3,0],"39":[8,2],"40":[6,2],"41":[4,2],"42":[4,0],"43":[4,0],"44":[4,0],"45":[4,0],"46":[4,0],"47":[4,0],"48":[4,0],"49":[9,2],"50":[7,2],"51":[5,2],"52":[5,0],"53":[3,2],"54":[3,0],"55":[3,0],"56":[3,0],"57":[3,0],"58":[3,0],"59":[3,0],"60":[3,0],"61":[25,0],"62":[4,15],"63":[3,12],"64":[19,0]},"f":{"1":272,"2":3,"3":6,"4":12,"5":11,"6":13,"7":10,"8":11,"9":25,"10":19,"11":52,"12":69,"13":66,"14":55,"15":12},"fnMap":{"1":{"name":"requireLaunched","line":35,"loc":{"start":{"line":35,"column":4},"end":{"line":38,"column":4}}},"2":{"name":"constructor","line":41,"loc":{"start":{"line":41,"column":4},"end":{"line":48,"column":4}}},"3":{"name":"launch","line":51,"loc":{"start":{"line":51,"column":4},"end":{"line":70,"column":4}}},"4":{"name":"buyEcl","line":79,"loc":{"start":{"line":75,"column":4},"end":{"line":127,"column":4}}},"5":{"name":"sellEcl","line":137,"loc":{"start":{"line":133,"column":4},"end":{"line":181,"column":4}}},"6":{"name":"softSellEcl","line":193,"loc":{"start":{"line":188,"column":4},"end":{"line":278,"column":4}}},"7":{"name":"buyDai","line":287,"loc":{"start":{"line":283,"column":4},"end":{"line":327,"column":4}}},"8":{"name":"sellDai","line":337,"loc":{"start":{"line":333,"column":4},"end":{"line":397,"column":4}}},"9":{"name":"calcBOut","line":406,"loc":{"start":{"line":406,"column":4},"end":{"line":418,"column":4}}},"10":{"name":"calcEthTransferForBuyEcl","line":425,"loc":{"start":{"line":425,"column":4},"end":{"line":446,"column":4}}},"11":{"name":"applyTransactionFee","line":451,"loc":{"start":{"line":451,"column":4},"end":{"line":458,"column":4}}},"12":{"name":"eclBalanceOfEclPool","line":464,"loc":{"start":{"line":461,"column":4},"end":{"line":468,"column":4}}},"13":{"name":"ethBalanceOfDaiPool","line":474,"loc":{"start":{"line":471,"column":4},"end":{"line":478,"column":4}}},"14":{"name":"daiBalanceOfDaiPool","line":484,"loc":{"start":{"line":481,"column":4},"end":{"line":488,"column":4}}},"15":{"name":"circulatingSupply","line":491,"loc":{"start":{"line":491,"column":4},"end":{"line":493,"column":4}}}},"statementMap":{"1":{"start":{"line":36,"column":8},"end":{"line":36,"column":78}},"2":{"start":{"line":42,"column":8},"end":{"line":42,"column":1456}},"3":{"start":{"line":46,"column":8},"end":{"line":46,"column":63}},"4":{"start":{"line":47,"column":8},"end":{"line":47,"column":41}},"5":{"start":{"line":52,"column":8},"end":{"line":52,"column":64}},"6":{"start":{"line":54,"column":8},"end":{"line":54,"column":1880}},"7":{"start":{"line":58,"column":8},"end":{"line":58,"column":2044}},"8":{"start":{"line":63,"column":8},"end":{"line":63,"column":38}},"9":{"start":{"line":65,"column":8},"end":{"line":65,"column":22}},"10":{"start":{"line":67,"column":8},"end":{"line":67,"column":2265}},"11":{"start":{"line":81,"column":8},"end":{"line":81,"column":2800}},"12":{"start":{"line":85,"column":8},"end":{"line":85,"column":77}},"13":{"start":{"line":87,"column":8},"end":{"line":87,"column":75}},"14":{"start":{"line":88,"column":8},"end":{"line":88,"column":60}},"15":{"start":{"line":89,"column":8},"end":{"line":89,"column":3147}},"16":{"start":{"line":92,"column":8},"end":{"line":92,"column":63}},"17":{"start":{"line":93,"column":8},"end":{"line":93,"column":3355}},"18":{"start":{"line":99,"column":8},"end":{"line":99,"column":3527}},"19":{"start":{"line":104,"column":8},"end":{"line":104,"column":3677}},"20":{"start":{"line":107,"column":8},"end":{"line":107,"column":77}},"21":{"start":{"line":108,"column":8},"end":{"line":108,"column":3876}},"22":{"start":{"line":111,"column":8},"end":{"line":111,"column":38}},"23":{"start":{"line":113,"column":8},"end":{"line":113,"column":49}},"24":{"start":{"line":115,"column":8},"end":{"line":115,"column":58}},"25":{"start":{"line":116,"column":8},"end":{"line":116,"column":39}},"26":{"start":{"line":118,"column":8},"end":{"line":118,"column":4194}},"27":{"start":{"line":122,"column":8},"end":{"line":122,"column":60}},"28":{"start":{"line":123,"column":8},"end":{"line":123,"column":38}},"29":{"start":{"line":124,"column":8},"end":{"line":124,"column":40}},"30":{"start":{"line":125,"column":8},"end":{"line":125,"column":40}},"31":{"start":{"line":126,"column":8},"end":{"line":126,"column":40}},"32":{"start":{"line":138,"column":8},"end":{"line":138,"column":5052}},"33":{"start":{"line":142,"column":8},"end":{"line":142,"column":76}},"34":{"start":{"line":143,"column":8},"end":{"line":143,"column":5254}},"35":{"start":{"line":148,"column":8},"end":{"line":148,"column":60}},"36":{"start":{"line":149,"column":8},"end":{"line":149,"column":60}},"37":{"start":{"line":150,"column":8},"end":{"line":150,"column":51}},"38":{"start":{"line":151,"column":8},"end":{"line":151,"column":5591}},"39":{"start":{"line":155,"column":8},"end":{"line":155,"column":5733}},"40":{"start":{"line":160,"column":8},"end":{"line":160,"column":67}},"41":{"start":{"line":161,"column":8},"end":{"line":161,"column":5954}},"42":{"start":{"line":164,"column":8},"end":{"line":164,"column":42}},"43":{"start":{"line":166,"column":8},"end":{"line":166,"column":50}},"44":{"start":{"line":168,"column":8},"end":{"line":168,"column":62}},"45":{"start":{"line":169,"column":8},"end":{"line":169,"column":39}},"46":{"start":{"line":170,"column":8},"end":{"line":170,"column":42}},"47":{"start":{"line":172,"column":8},"end":{"line":172,"column":6322}},"48":{"start":{"line":176,"column":8},"end":{"line":176,"column":60}},"49":{"start":{"line":177,"column":8},"end":{"line":177,"column":38}},"50":{"start":{"line":178,"column":8},"end":{"line":178,"column":40}},"51":{"start":{"line":179,"column":8},"end":{"line":179,"column":40}},"52":{"start":{"line":180,"column":8},"end":{"line":180,"column":40}},"53":{"start":{"line":194,"column":8},"end":{"line":194,"column":7318}},"54":{"start":{"line":198,"column":8},"end":{"line":198,"column":76}},"55":{"start":{"line":199,"column":8},"end":{"line":199,"column":7520}},"56":{"start":{"line":204,"column":8},"end":{"line":204,"column":60}},"57":{"start":{"line":205,"column":8},"end":{"line":205,"column":56}},"58":{"start":{"line":206,"column":8},"end":{"line":206,"column":60}},"59":{"start":{"line":207,"column":8},"end":{"line":207,"column":60}},"60":{"start":{"line":208,"column":8},"end":{"line":208,"column":7942}},"61":{"start":{"line":212,"column":8},"end":{"line":212,"column":60}},"62":{"start":{"line":213,"column":8},"end":{"line":213,"column":8150}},"63":{"start":{"line":216,"column":8},"end":{"line":216,"column":8298}},"64":{"start":{"line":219,"column":8},"end":{"line":219,"column":8447}},"65":{"start":{"line":223,"column":8},"end":{"line":223,"column":8598}},"66":{"start":{"line":229,"column":8},"end":{"line":229,"column":8835}},"67":{"start":{"line":234,"column":8},"end":{"line":234,"column":9004}},"68":{"start":{"line":237,"column":8},"end":{"line":237,"column":9118}},"69":{"start":{"line":240,"column":8},"end":{"line":240,"column":9234}},"70":{"start":{"line":243,"column":8},"end":{"line":243,"column":9350}},"71":{"start":{"line":246,"column":8},"end":{"line":246,"column":61}},"72":{"start":{"line":247,"column":8},"end":{"line":247,"column":61}},"73":{"start":{"line":249,"column":8},"end":{"line":249,"column":9591}},"74":{"start":{"line":257,"column":8},"end":{"line":257,"column":62}},"75":{"start":{"line":258,"column":8},"end":{"line":258,"column":39}},"76":{"start":{"line":259,"column":8},"end":{"line":259,"column":9931}},"77":{"start":{"line":262,"column":8},"end":{"line":262,"column":10041}},"78":{"start":{"line":268,"column":8},"end":{"line":268,"column":10202}},"79":{"start":{"line":272,"column":8},"end":{"line":272,"column":60}},"80":{"start":{"line":273,"column":8},"end":{"line":273,"column":60}},"81":{"start":{"line":274,"column":8},"end":{"line":274,"column":38}},"82":{"start":{"line":275,"column":8},"end":{"line":275,"column":40}},"83":{"start":{"line":276,"column":8},"end":{"line":276,"column":40}},"84":{"start":{"line":277,"column":8},"end":{"line":277,"column":40}},"85":{"start":{"line":289,"column":8},"end":{"line":289,"column":11058}},"86":{"start":{"line":293,"column":8},"end":{"line":293,"column":77}},"87":{"start":{"line":295,"column":8},"end":{"line":295,"column":72}},"88":{"start":{"line":296,"column":8},"end":{"line":296,"column":60}},"89":{"start":{"line":297,"column":8},"end":{"line":297,"column":11402}},"90":{"start":{"line":300,"column":8},"end":{"line":300,"column":68}},"91":{"start":{"line":302,"column":8},"end":{"line":302,"column":11617}},"92":{"start":{"line":307,"column":8},"end":{"line":307,"column":75}},"93":{"start":{"line":308,"column":8},"end":{"line":308,"column":11846}},"94":{"start":{"line":311,"column":8},"end":{"line":311,"column":69}},"95":{"start":{"line":312,"column":8},"end":{"line":312,"column":38}},"96":{"start":{"line":314,"column":8},"end":{"line":314,"column":49}},"97":{"start":{"line":316,"column":8},"end":{"line":316,"column":72}},"98":{"start":{"line":318,"column":8},"end":{"line":318,"column":12215}},"99":{"start":{"line":322,"column":8},"end":{"line":322,"column":60}},"100":{"start":{"line":323,"column":8},"end":{"line":323,"column":38}},"101":{"start":{"line":324,"column":8},"end":{"line":324,"column":40}},"102":{"start":{"line":325,"column":8},"end":{"line":325,"column":40}},"103":{"start":{"line":326,"column":8},"end":{"line":326,"column":40}},"104":{"start":{"line":338,"column":8},"end":{"line":338,"column":13073}},"105":{"start":{"line":342,"column":8},"end":{"line":342,"column":76}},"106":{"start":{"line":343,"column":8},"end":{"line":343,"column":13275}},"107":{"start":{"line":347,"column":8},"end":{"line":347,"column":13442}},"108":{"start":{"line":353,"column":8},"end":{"line":353,"column":60}},"109":{"start":{"line":354,"column":8},"end":{"line":354,"column":60}},"110":{"start":{"line":355,"column":8},"end":{"line":355,"column":13746}},"111":{"start":{"line":360,"column":8},"end":{"line":360,"column":75}},"112":{"start":{"line":361,"column":8},"end":{"line":361,"column":13990}},"113":{"start":{"line":365,"column":8},"end":{"line":365,"column":14100}},"114":{"start":{"line":370,"column":8},"end":{"line":370,"column":75}},"115":{"start":{"line":371,"column":8},"end":{"line":371,"column":14329}},"116":{"start":{"line":374,"column":8},"end":{"line":374,"column":64}},"117":{"start":{"line":375,"column":8},"end":{"line":375,"column":42}},"118":{"start":{"line":377,"column":8},"end":{"line":377,"column":50}},"119":{"start":{"line":379,"column":8},"end":{"line":379,"column":14624}},"120":{"start":{"line":386,"column":8},"end":{"line":386,"column":42}},"121":{"start":{"line":388,"column":8},"end":{"line":388,"column":14852}},"122":{"start":{"line":392,"column":8},"end":{"line":392,"column":60}},"123":{"start":{"line":393,"column":8},"end":{"line":393,"column":38}},"124":{"start":{"line":394,"column":8},"end":{"line":394,"column":40}},"125":{"start":{"line":395,"column":8},"end":{"line":395,"column":40}},"126":{"start":{"line":396,"column":8},"end":{"line":396,"column":40}},"127":{"start":{"line":411,"column":8},"end":{"line":411,"column":52}},"128":{"start":{"line":412,"column":8},"end":{"line":412,"column":70}},"129":{"start":{"line":413,"column":8},"end":{"line":413,"column":61}},"130":{"start":{"line":415,"column":8},"end":{"line":415,"column":38}},"131":{"start":{"line":417,"column":8},"end":{"line":417,"column":26}},"132":{"start":{"line":430,"column":8},"end":{"line":430,"column":37}},"133":{"start":{"line":432,"column":8},"end":{"line":432,"column":16977}},"134":{"start":{"line":433,"column":12},"end":{"line":433,"column":57}},"135":{"start":{"line":434,"column":15},"end":{"line":434,"column":17127}},"136":{"start":{"line":435,"column":12},"end":{"line":435,"column":36}},"137":{"start":{"line":437,"column":12},"end":{"line":437,"column":17278}},"138":{"start":{"line":443,"column":8},"end":{"line":443,"column":62}},"139":{"start":{"line":445,"column":8},"end":{"line":445,"column":36}},"140":{"start":{"line":456,"column":8},"end":{"line":456,"column":69}},"141":{"start":{"line":457,"column":8},"end":{"line":457,"column":30}},"142":{"start":{"line":467,"column":8},"end":{"line":467,"column":39}},"143":{"start":{"line":477,"column":8},"end":{"line":477,"column":58}},"144":{"start":{"line":487,"column":8},"end":{"line":487,"column":52}},"145":{"start":{"line":492,"column":8},"end":{"line":492,"column":52}}},"branchMap":{"1":{"line":36,"type":"if","locations":[{"start":{"line":36,"column":8},"end":{"line":36,"column":8}},{"start":{"line":36,"column":8},"end":{"line":36,"column":8}}]},"2":{"line":42,"type":"if","locations":[{"start":{"line":42,"column":8},"end":{"line":42,"column":8}},{"start":{"line":42,"column":8},"end":{"line":42,"column":8}}]},"3":{"line":52,"type":"if","locations":[{"start":{"line":52,"column":8},"end":{"line":52,"column":8}},{"start":{"line":52,"column":8},"end":{"line":52,"column":8}}]},"4":{"line":54,"type":"if","locations":[{"start":{"line":54,"column":8},"end":{"line":54,"column":8}},{"start":{"line":54,"column":8},"end":{"line":54,"column":8}}]},"5":{"line":58,"type":"if","locations":[{"start":{"line":58,"column":8},"end":{"line":58,"column":8}},{"start":{"line":58,"column":8},"end":{"line":58,"column":8}}]},"6":{"line":67,"type":"if","locations":[{"start":{"line":67,"column":8},"end":{"line":67,"column":8}},{"start":{"line":67,"column":8},"end":{"line":67,"column":8}}]},"7":{"line":81,"type":"if","locations":[{"start":{"line":81,"column":8},"end":{"line":81,"column":8}},{"start":{"line":81,"column":8},"end":{"line":81,"column":8}}]},"8":{"line":85,"type":"if","locations":[{"start":{"line":85,"column":8},"end":{"line":85,"column":8}},{"start":{"line":85,"column":8},"end":{"line":85,"column":8}}]},"9":{"line":99,"type":"if","locations":[{"start":{"line":99,"column":8},"end":{"line":99,"column":8}},{"start":{"line":99,"column":8},"end":{"line":99,"column":8}}]},"10":{"line":118,"type":"if","locations":[{"start":{"line":118,"column":8},"end":{"line":118,"column":8}},{"start":{"line":118,"column":8},"end":{"line":118,"column":8}}]},"11":{"line":122,"type":"if","locations":[{"start":{"line":122,"column":8},"end":{"line":122,"column":8}},{"start":{"line":122,"column":8},"end":{"line":122,"column":8}}]},"12":{"line":123,"type":"if","locations":[{"start":{"line":123,"column":8},"end":{"line":123,"column":8}},{"start":{"line":123,"column":8},"end":{"line":123,"column":8}}]},"13":{"line":124,"type":"if","locations":[{"start":{"line":124,"column":8},"end":{"line":124,"column":8}},{"start":{"line":124,"column":8},"end":{"line":124,"column":8}}]},"14":{"line":125,"type":"if","locations":[{"start":{"line":125,"column":8},"end":{"line":125,"column":8}},{"start":{"line":125,"column":8},"end":{"line":125,"column":8}}]},"15":{"line":126,"type":"if","locations":[{"start":{"line":126,"column":8},"end":{"line":126,"column":8}},{"start":{"line":126,"column":8},"end":{"line":126,"column":8}}]},"16":{"line":138,"type":"if","locations":[{"start":{"line":138,"column":8},"end":{"line":138,"column":8}},{"start":{"line":138,"column":8},"end":{"line":138,"column":8}}]},"17":{"line":142,"type":"if","locations":[{"start":{"line":142,"column":8},"end":{"line":142,"column":8}},{"start":{"line":142,"column":8},"end":{"line":142,"column":8}}]},"18":{"line":143,"type":"if","locations":[{"start":{"line":143,"column":8},"end":{"line":143,"column":8}},{"start":{"line":143,"column":8},"end":{"line":143,"column":8}}]},"19":{"line":155,"type":"if","locations":[{"start":{"line":155,"column":8},"end":{"line":155,"column":8}},{"start":{"line":155,"column":8},"end":{"line":155,"column":8}}]},"20":{"line":172,"type":"if","locations":[{"start":{"line":172,"column":8},"end":{"line":172,"column":8}},{"start":{"line":172,"column":8},"end":{"line":172,"column":8}}]},"21":{"line":176,"type":"if","locations":[{"start":{"line":176,"column":8},"end":{"line":176,"column":8}},{"start":{"line":176,"column":8},"end":{"line":176,"column":8}}]},"22":{"line":177,"type":"if","locations":[{"start":{"line":177,"column":8},"end":{"line":177,"column":8}},{"start":{"line":177,"column":8},"end":{"line":177,"column":8}}]},"23":{"line":178,"type":"if","locations":[{"start":{"line":178,"column":8},"end":{"line":178,"column":8}},{"start":{"line":178,"column":8},"end":{"line":178,"column":8}}]},"24":{"line":179,"type":"if","locations":[{"start":{"line":179,"column":8},"end":{"line":179,"column":8}},{"start":{"line":179,"column":8},"end":{"line":179,"column":8}}]},"25":{"line":180,"type":"if","locations":[{"start":{"line":180,"column":8},"end":{"line":180,"column":8}},{"start":{"line":180,"column":8},"end":{"line":180,"column":8}}]},"26":{"line":194,"type":"if","locations":[{"start":{"line":194,"column":8},"end":{"line":194,"column":8}},{"start":{"line":194,"column":8},"end":{"line":194,"column":8}}]},"27":{"line":198,"type":"if","locations":[{"start":{"line":198,"column":8},"end":{"line":198,"column":8}},{"start":{"line":198,"column":8},"end":{"line":198,"column":8}}]},"28":{"line":199,"type":"if","locations":[{"start":{"line":199,"column":8},"end":{"line":199,"column":8}},{"start":{"line":199,"column":8},"end":{"line":199,"column":8}}]},"29":{"line":223,"type":"if","locations":[{"start":{"line":223,"column":8},"end":{"line":223,"column":8}},{"start":{"line":223,"column":8},"end":{"line":223,"column":8}}]},"30":{"line":229,"type":"if","locations":[{"start":{"line":229,"column":8},"end":{"line":229,"column":8}},{"start":{"line":229,"column":8},"end":{"line":229,"column":8}}]},"31":{"line":259,"type":"if","locations":[{"start":{"line":259,"column":8},"end":{"line":259,"column":8}},{"start":{"line":259,"column":8},"end":{"line":259,"column":8}}]},"32":{"line":268,"type":"if","locations":[{"start":{"line":268,"column":8},"end":{"line":268,"column":8}},{"start":{"line":268,"column":8},"end":{"line":268,"column":8}}]},"33":{"line":272,"type":"if","locations":[{"start":{"line":272,"column":8},"end":{"line":272,"column":8}},{"start":{"line":272,"column":8},"end":{"line":272,"column":8}}]},"34":{"line":273,"type":"if","locations":[{"start":{"line":273,"column":8},"end":{"line":273,"column":8}},{"start":{"line":273,"column":8},"end":{"line":273,"column":8}}]},"35":{"line":274,"type":"if","locations":[{"start":{"line":274,"column":8},"end":{"line":274,"column":8}},{"start":{"line":274,"column":8},"end":{"line":274,"column":8}}]},"36":{"line":275,"type":"if","locations":[{"start":{"line":275,"column":8},"end":{"line":275,"column":8}},{"start":{"line":275,"column":8},"end":{"line":275,"column":8}}]},"37":{"line":276,"type":"if","locations":[{"start":{"line":276,"column":8},"end":{"line":276,"column":8}},{"start":{"line":276,"column":8},"end":{"line":276,"column":8}}]},"38":{"line":277,"type":"if","locations":[{"start":{"line":277,"column":8},"end":{"line":277,"column":8}},{"start":{"line":277,"column":8},"end":{"line":277,"column":8}}]},"39":{"line":289,"type":"if","locations":[{"start":{"line":289,"column":8},"end":{"line":289,"column":8}},{"start":{"line":289,"column":8},"end":{"line":289,"column":8}}]},"40":{"line":293,"type":"if","locations":[{"start":{"line":293,"column":8},"end":{"line":293,"column":8}},{"start":{"line":293,"column":8},"end":{"line":293,"column":8}}]},"41":{"line":302,"type":"if","locations":[{"start":{"line":302,"column":8},"end":{"line":302,"column":8}},{"start":{"line":302,"column":8},"end":{"line":302,"column":8}}]},"42":{"line":316,"type":"if","locations":[{"start":{"line":316,"column":8},"end":{"line":316,"column":8}},{"start":{"line":316,"column":8},"end":{"line":316,"column":8}}]},"43":{"line":318,"type":"if","locations":[{"start":{"line":318,"column":8},"end":{"line":318,"column":8}},{"start":{"line":318,"column":8},"end":{"line":318,"column":8}}]},"44":{"line":322,"type":"if","locations":[{"start":{"line":322,"column":8},"end":{"line":322,"column":8}},{"start":{"line":322,"column":8},"end":{"line":322,"column":8}}]},"45":{"line":323,"type":"if","locations":[{"start":{"line":323,"column":8},"end":{"line":323,"column":8}},{"start":{"line":323,"column":8},"end":{"line":323,"column":8}}]},"46":{"line":324,"type":"if","locations":[{"start":{"line":324,"column":8},"end":{"line":324,"column":8}},{"start":{"line":324,"column":8},"end":{"line":324,"column":8}}]},"47":{"line":325,"type":"if","locations":[{"start":{"line":325,"column":8},"end":{"line":325,"column":8}},{"start":{"line":325,"column":8},"end":{"line":325,"column":8}}]},"48":{"line":326,"type":"if","locations":[{"start":{"line":326,"column":8},"end":{"line":326,"column":8}},{"start":{"line":326,"column":8},"end":{"line":326,"column":8}}]},"49":{"line":338,"type":"if","locations":[{"start":{"line":338,"column":8},"end":{"line":338,"column":8}},{"start":{"line":338,"column":8},"end":{"line":338,"column":8}}]},"50":{"line":342,"type":"if","locations":[{"start":{"line":342,"column":8},"end":{"line":342,"column":8}},{"start":{"line":342,"column":8},"end":{"line":342,"column":8}}]},"51":{"line":343,"type":"if","locations":[{"start":{"line":343,"column":8},"end":{"line":343,"column":8}},{"start":{"line":343,"column":8},"end":{"line":343,"column":8}}]},"52":{"line":347,"type":"if","locations":[{"start":{"line":347,"column":8},"end":{"line":347,"column":8}},{"start":{"line":347,"column":8},"end":{"line":347,"column":8}}]},"53":{"line":365,"type":"if","locations":[{"start":{"line":365,"column":8},"end":{"line":365,"column":8}},{"start":{"line":365,"column":8},"end":{"line":365,"column":8}}]},"54":{"line":379,"type":"if","locations":[{"start":{"line":379,"column":8},"end":{"line":379,"column":8}},{"start":{"line":379,"column":8},"end":{"line":379,"column":8}}]},"55":{"line":388,"type":"if","locations":[{"start":{"line":388,"column":8},"end":{"line":388,"column":8}},{"start":{"line":388,"column":8},"end":{"line":388,"column":8}}]},"56":{"line":392,"type":"if","locations":[{"start":{"line":392,"column":8},"end":{"line":392,"column":8}},{"start":{"line":392,"column":8},"end":{"line":392,"column":8}}]},"57":{"line":393,"type":"if","locations":[{"start":{"line":393,"column":8},"end":{"line":393,"column":8}},{"start":{"line":393,"column":8},"end":{"line":393,"column":8}}]},"58":{"line":394,"type":"if","locations":[{"start":{"line":394,"column":8},"end":{"line":394,"column":8}},{"start":{"line":394,"column":8},"end":{"line":394,"column":8}}]},"59":{"line":395,"type":"if","locations":[{"start":{"line":395,"column":8},"end":{"line":395,"column":8}},{"start":{"line":395,"column":8},"end":{"line":395,"column":8}}]},"60":{"line":396,"type":"if","locations":[{"start":{"line":396,"column":8},"end":{"line":396,"column":8}},{"start":{"line":396,"column":8},"end":{"line":396,"column":8}}]},"61":{"line":415,"type":"if","locations":[{"start":{"line":415,"column":8},"end":{"line":415,"column":8}},{"start":{"line":415,"column":8},"end":{"line":415,"column":8}}]},"62":{"line":432,"type":"if","locations":[{"start":{"line":432,"column":8},"end":{"line":432,"column":8}},{"start":{"line":432,"column":8},"end":{"line":432,"column":8}}]},"63":{"line":434,"type":"if","locations":[{"start":{"line":434,"column":15},"end":{"line":434,"column":15}},{"start":{"line":434,"column":15},"end":{"line":434,"column":15}}]},"64":{"line":443,"type":"if","locations":[{"start":{"line":443,"column":8},"end":{"line":443,"column":8}},{"start":{"line":443,"column":8},"end":{"line":443,"column":8}}]}}}}