TN:
SF:C:\Users\tbweb\eclipseum-core\contracts\Eclipseum.sol
FN:35,requireLaunched
FN:41,constructor
FN:51,launch
FN:75,buyEcl
FN:133,sellEcl
FN:189,softSellEcl
FN:283,buyDai
FN:333,sellDai
FN:402,calcBOut
FN:421,calcEthTransferForBuyEcl
FN:447,applyTransactionFee
FN:460,eclBalanceOfEclPool
FN:470,ethBalanceOfDaiPool
FN:480,daiBalanceOfDaiPool
FN:487,circulatingSupply
FNF:15
FNH:15
FNDA:272,requireLaunched
FNDA:3,constructor
FNDA:6,launch
FNDA:12,buyEcl
FNDA:11,sellEcl
FNDA:13,softSellEcl
FNDA:10,buyDai
FNDA:11,sellDai
FNDA:25,calcBOut
FNDA:19,calcEthTransferForBuyEcl
FNDA:52,applyTransactionFee
FNDA:69,eclBalanceOfEclPool
FNDA:66,ethBalanceOfDaiPool
FNDA:55,daiBalanceOfDaiPool
FNDA:12,circulatingSupply
DA:36,272
DA:37,259
DA:42,3
DA:46,3
DA:47,3
DA:52,6
DA:54,6
DA:59,4
DA:61,4
DA:63,4
DA:77,12
DA:81,10
DA:83,8
DA:84,8
DA:85,8
DA:88,8
DA:89,8
DA:95,8
DA:100,6
DA:103,6
DA:104,6
DA:107,6
DA:109,6
DA:111,6
DA:112,6
DA:114,6
DA:118,6
DA:119,6
DA:120,6
DA:121,6
DA:122,6
DA:134,11
DA:138,9
DA:139,7
DA:144,5
DA:145,5
DA:146,5
DA:147,5
DA:151,5
DA:156,3
DA:157,3
DA:160,3
DA:162,3
DA:164,3
DA:165,3
DA:166,3
DA:168,3
DA:172,3
DA:173,3
DA:174,3
DA:175,3
DA:176,3
DA:190,13
DA:194,11
DA:195,9
DA:200,7
DA:201,7
DA:202,7
DA:203,7
DA:204,7
DA:208,7
DA:209,7
DA:212,7
DA:215,7
DA:219,7
DA:225,5
DA:230,3
DA:233,3
DA:236,3
DA:239,3
DA:242,3
DA:243,3
DA:245,3
DA:253,3
DA:254,3
DA:255,3
DA:258,3
DA:264,3
DA:268,3
DA:269,3
DA:270,3
DA:271,3
DA:272,3
DA:273,3
DA:285,10
DA:289,8
DA:291,6
DA:292,6
DA:293,6
DA:296,6
DA:298,6
DA:303,4
DA:304,4
DA:307,4
DA:308,4
DA:310,4
DA:312,4
DA:314,4
DA:318,4
DA:319,4
DA:320,4
DA:321,4
DA:322,4
DA:334,11
DA:338,9
DA:339,7
DA:343,5
DA:349,5
DA:350,5
DA:351,5
DA:356,5
DA:357,5
DA:361,5
DA:366,3
DA:367,3
DA:370,3
DA:371,3
DA:373,3
DA:375,3
DA:382,3
DA:384,3
DA:388,3
DA:389,3
DA:390,3
DA:391,3
DA:392,3
DA:407,25
DA:408,25
DA:409,25
DA:411,25
DA:413,25
DA:426,19
DA:428,19
DA:429,4
DA:431,3
DA:433,12
DA:439,19
DA:441,19
DA:452,52
DA:453,52
DA:463,69
DA:473,66
DA:483,55
DA:488,12
LF:144
LH:144
BRDA:36,1,0,259
BRDA:36,1,1,13
BRDA:42,2,0,3
BRDA:42,2,1,0
BRDA:52,3,0,6
BRDA:52,3,1,0
BRDA:54,4,0,4
BRDA:54,4,1,2
BRDA:63,5,0,4
BRDA:63,5,1,0
BRDA:77,6,0,10
BRDA:77,6,1,2
BRDA:81,7,0,8
BRDA:81,7,1,2
BRDA:95,8,0,6
BRDA:95,8,1,2
BRDA:114,9,0,6
BRDA:114,9,1,0
BRDA:118,10,0,6
BRDA:118,10,1,0
BRDA:119,11,0,6
BRDA:119,11,1,0
BRDA:120,12,0,6
BRDA:120,12,1,0
BRDA:121,13,0,6
BRDA:121,13,1,0
BRDA:122,14,0,6
BRDA:122,14,1,0
BRDA:134,15,0,9
BRDA:134,15,1,2
BRDA:138,16,0,7
BRDA:138,16,1,2
BRDA:139,17,0,5
BRDA:139,17,1,2
BRDA:151,18,0,3
BRDA:151,18,1,2
BRDA:168,19,0,3
BRDA:168,19,1,0
BRDA:172,20,0,3
BRDA:172,20,1,0
BRDA:173,21,0,3
BRDA:173,21,1,0
BRDA:174,22,0,3
BRDA:174,22,1,0
BRDA:175,23,0,3
BRDA:175,23,1,0
BRDA:176,24,0,3
BRDA:176,24,1,0
BRDA:190,25,0,11
BRDA:190,25,1,2
BRDA:194,26,0,9
BRDA:194,26,1,2
BRDA:195,27,0,7
BRDA:195,27,1,2
BRDA:219,28,0,5
BRDA:219,28,1,2
BRDA:225,29,0,3
BRDA:225,29,1,2
BRDA:255,30,0,3
BRDA:255,30,1,0
BRDA:264,31,0,3
BRDA:264,31,1,0
BRDA:268,32,0,3
BRDA:268,32,1,0
BRDA:269,33,0,3
BRDA:269,33,1,0
BRDA:270,34,0,3
BRDA:270,34,1,0
BRDA:271,35,0,3
BRDA:271,35,1,0
BRDA:272,36,0,3
BRDA:272,36,1,0
BRDA:273,37,0,3
BRDA:273,37,1,0
BRDA:285,38,0,8
BRDA:285,38,1,2
BRDA:289,39,0,6
BRDA:289,39,1,2
BRDA:298,40,0,4
BRDA:298,40,1,2
BRDA:312,41,0,4
BRDA:312,41,1,0
BRDA:314,42,0,4
BRDA:314,42,1,0
BRDA:318,43,0,4
BRDA:318,43,1,0
BRDA:319,44,0,4
BRDA:319,44,1,0
BRDA:320,45,0,4
BRDA:320,45,1,0
BRDA:321,46,0,4
BRDA:321,46,1,0
BRDA:322,47,0,4
BRDA:322,47,1,0
BRDA:334,48,0,9
BRDA:334,48,1,2
BRDA:338,49,0,7
BRDA:338,49,1,2
BRDA:339,50,0,5
BRDA:339,50,1,2
BRDA:343,51,0,5
BRDA:343,51,1,0
BRDA:361,52,0,3
BRDA:361,52,1,2
BRDA:375,53,0,3
BRDA:375,53,1,0
BRDA:384,54,0,3
BRDA:384,54,1,0
BRDA:388,55,0,3
BRDA:388,55,1,0
BRDA:389,56,0,3
BRDA:389,56,1,0
BRDA:390,57,0,3
BRDA:390,57,1,0
BRDA:391,58,0,3
BRDA:391,58,1,0
BRDA:392,59,0,3
BRDA:392,59,1,0
BRDA:411,60,0,25
BRDA:411,60,1,0
BRDA:428,61,0,4
BRDA:428,61,1,15
BRDA:430,62,0,3
BRDA:430,62,1,12
BRDA:439,63,0,19
BRDA:439,63,1,0
BRF:126
BRH:86
end_of_record
