TN:
SF:C:\Users\tbweb\eclipseum-core\contracts\Eclipseum.sol
FN:35,requireLaunched
FN:41,constructor
FN:51,launch
FN:79,buyEcl
FN:137,sellEcl
FN:193,softSellEcl
FN:287,buyDai
FN:337,sellDai
FN:406,calcBOut
FN:425,calcEthTransferForBuyEcl
FN:451,applyTransactionFee
FN:464,eclBalanceOfEclPool
FN:474,ethBalanceOfDaiPool
FN:484,daiBalanceOfDaiPool
FN:491,circulatingSupply
FNF:15
FNH:15
FNDA:272,requireLaunched
FNDA:3,constructor
FNDA:6,launch
FNDA:12,buyEcl
FNDA:11,sellEcl
FNDA:13,softSellEcl
FNDA:10,buyDai
FNDA:11,sellDai
FNDA:25,calcBOut
FNDA:19,calcEthTransferForBuyEcl
FNDA:52,applyTransactionFee
FNDA:69,eclBalanceOfEclPool
FNDA:66,ethBalanceOfDaiPool
FNDA:55,daiBalanceOfDaiPool
FNDA:12,circulatingSupply
DA:36,272
DA:37,259
DA:42,3
DA:46,3
DA:47,3
DA:52,6
DA:54,6
DA:58,4
DA:63,4
DA:65,4
DA:67,4
DA:81,12
DA:85,10
DA:87,8
DA:88,8
DA:89,8
DA:92,8
DA:93,8
DA:99,8
DA:104,6
DA:107,6
DA:108,6
DA:111,6
DA:113,6
DA:115,6
DA:116,6
DA:118,6
DA:122,6
DA:123,6
DA:124,6
DA:125,6
DA:126,6
DA:138,11
DA:142,9
DA:143,7
DA:148,5
DA:149,5
DA:150,5
DA:151,5
DA:155,5
DA:160,3
DA:161,3
DA:164,3
DA:166,3
DA:168,3
DA:169,3
DA:170,3
DA:172,3
DA:176,3
DA:177,3
DA:178,3
DA:179,3
DA:180,3
DA:194,13
DA:198,11
DA:199,9
DA:204,7
DA:205,7
DA:206,7
DA:207,7
DA:208,7
DA:212,7
DA:213,7
DA:216,7
DA:219,7
DA:223,7
DA:229,5
DA:234,3
DA:237,3
DA:240,3
DA:243,3
DA:246,3
DA:247,3
DA:249,3
DA:257,3
DA:258,3
DA:259,3
DA:262,3
DA:268,3
DA:272,3
DA:273,3
DA:274,3
DA:275,3
DA:276,3
DA:277,3
DA:289,10
DA:293,8
DA:295,6
DA:296,6
DA:297,6
DA:300,6
DA:302,6
DA:307,4
DA:308,4
DA:311,4
DA:312,4
DA:314,4
DA:316,4
DA:318,4
DA:322,4
DA:323,4
DA:324,4
DA:325,4
DA:326,4
DA:338,11
DA:342,9
DA:343,7
DA:347,5
DA:353,5
DA:354,5
DA:355,5
DA:360,5
DA:361,5
DA:365,5
DA:370,3
DA:371,3
DA:374,3
DA:375,3
DA:377,3
DA:379,3
DA:386,3
DA:388,3
DA:392,3
DA:393,3
DA:394,3
DA:395,3
DA:396,3
DA:411,25
DA:412,25
DA:413,25
DA:415,25
DA:417,25
DA:430,19
DA:432,19
DA:433,4
DA:435,3
DA:437,12
DA:443,19
DA:445,19
DA:456,52
DA:457,52
DA:467,69
DA:477,66
DA:487,55
DA:492,12
LF:145
LH:145
BRDA:36,1,0,259
BRDA:36,1,1,13
BRDA:42,2,0,3
BRDA:42,2,1,0
BRDA:52,3,0,6
BRDA:52,3,1,0
BRDA:54,4,0,4
BRDA:54,4,1,2
BRDA:58,5,0,4
BRDA:58,5,1,0
BRDA:67,6,0,4
BRDA:67,6,1,0
BRDA:81,7,0,10
BRDA:81,7,1,2
BRDA:85,8,0,8
BRDA:85,8,1,2
BRDA:99,9,0,6
BRDA:99,9,1,2
BRDA:118,10,0,6
BRDA:118,10,1,0
BRDA:122,11,0,6
BRDA:122,11,1,0
BRDA:123,12,0,6
BRDA:123,12,1,0
BRDA:124,13,0,6
BRDA:124,13,1,0
BRDA:125,14,0,6
BRDA:125,14,1,0
BRDA:126,15,0,6
BRDA:126,15,1,0
BRDA:138,16,0,9
BRDA:138,16,1,2
BRDA:142,17,0,7
BRDA:142,17,1,2
BRDA:143,18,0,5
BRDA:143,18,1,2
BRDA:155,19,0,3
BRDA:155,19,1,2
BRDA:172,20,0,3
BRDA:172,20,1,0
BRDA:176,21,0,3
BRDA:176,21,1,0
BRDA:177,22,0,3
BRDA:177,22,1,0
BRDA:178,23,0,3
BRDA:178,23,1,0
BRDA:179,24,0,3
BRDA:179,24,1,0
BRDA:180,25,0,3
BRDA:180,25,1,0
BRDA:194,26,0,11
BRDA:194,26,1,2
BRDA:198,27,0,9
BRDA:198,27,1,2
BRDA:199,28,0,7
BRDA:199,28,1,2
BRDA:223,29,0,5
BRDA:223,29,1,2
BRDA:229,30,0,3
BRDA:229,30,1,2
BRDA:259,31,0,3
BRDA:259,31,1,0
BRDA:268,32,0,3
BRDA:268,32,1,0
BRDA:272,33,0,3
BRDA:272,33,1,0
BRDA:273,34,0,3
BRDA:273,34,1,0
BRDA:274,35,0,3
BRDA:274,35,1,0
BRDA:275,36,0,3
BRDA:275,36,1,0
BRDA:276,37,0,3
BRDA:276,37,1,0
BRDA:277,38,0,3
BRDA:277,38,1,0
BRDA:289,39,0,8
BRDA:289,39,1,2
BRDA:293,40,0,6
BRDA:293,40,1,2
BRDA:302,41,0,4
BRDA:302,41,1,2
BRDA:316,42,0,4
BRDA:316,42,1,0
BRDA:318,43,0,4
BRDA:318,43,1,0
BRDA:322,44,0,4
BRDA:322,44,1,0
BRDA:323,45,0,4
BRDA:323,45,1,0
BRDA:324,46,0,4
BRDA:324,46,1,0
BRDA:325,47,0,4
BRDA:325,47,1,0
BRDA:326,48,0,4
BRDA:326,48,1,0
BRDA:338,49,0,9
BRDA:338,49,1,2
BRDA:342,50,0,7
BRDA:342,50,1,2
BRDA:343,51,0,5
BRDA:343,51,1,2
BRDA:347,52,0,5
BRDA:347,52,1,0
BRDA:365,53,0,3
BRDA:365,53,1,2
BRDA:379,54,0,3
BRDA:379,54,1,0
BRDA:388,55,0,3
BRDA:388,55,1,0
BRDA:392,56,0,3
BRDA:392,56,1,0
BRDA:393,57,0,3
BRDA:393,57,1,0
BRDA:394,58,0,3
BRDA:394,58,1,0
BRDA:395,59,0,3
BRDA:395,59,1,0
BRDA:396,60,0,3
BRDA:396,60,1,0
BRDA:415,61,0,25
BRDA:415,61,1,0
BRDA:432,62,0,4
BRDA:432,62,1,15
BRDA:434,63,0,3
BRDA:434,63,1,12
BRDA:443,64,0,19
BRDA:443,64,1,0
BRF:128
BRH:87
end_of_record
